[2025-10-03T16:17:01.991+0000] {local_task_job_runner.py:120} INFO - ::group::Pre task execution logs
[2025-10-03T16:17:02.025+0000] {taskinstance.py:2076} INFO - Dependencies all met for dep_context=non-requeueable deps ti=<TaskInstance: dbt_dag.dbt_run_marts scheduled__2025-10-02T00:00:00+00:00 [queued]>
[2025-10-03T16:17:02.045+0000] {taskinstance.py:2076} INFO - Dependencies all met for dep_context=requeueable deps ti=<TaskInstance: dbt_dag.dbt_run_marts scheduled__2025-10-02T00:00:00+00:00 [queued]>
[2025-10-03T16:17:02.046+0000] {taskinstance.py:2306} INFO - Starting attempt 1 of 2
[2025-10-03T16:17:02.069+0000] {taskinstance.py:2330} INFO - Executing <Task(BashOperator): dbt_run_marts> on 2025-10-02 00:00:00+00:00
[2025-10-03T16:17:02.080+0000] {warnings.py:112} WARNING - /home/***/.local/lib/python3.12/site-packages/***/task/task_runner/standard_task_runner.py:62: DeprecationWarning: This process (pid=652) is multi-threaded, use of fork() may lead to deadlocks in the child.
  pid = os.fork()

[2025-10-03T16:17:02.083+0000] {standard_task_runner.py:64} INFO - Started process 654 to run task
[2025-10-03T16:17:02.083+0000] {standard_task_runner.py:90} INFO - Running: ['***', 'tasks', 'run', 'dbt_dag', 'dbt_run_marts', 'scheduled__2025-10-02T00:00:00+00:00', '--job-id', '64', '--raw', '--subdir', 'DAGS_FOLDER/test_ml_dag.py', '--cfg-path', '/tmp/tmpwz5wo1m5']
[2025-10-03T16:17:02.087+0000] {standard_task_runner.py:91} INFO - Job 64: Subtask dbt_run_marts
[2025-10-03T16:17:02.164+0000] {task_command.py:426} INFO - Running <TaskInstance: dbt_dag.dbt_run_marts scheduled__2025-10-02T00:00:00+00:00 [running]> on host 88331542f089
[2025-10-03T16:17:02.291+0000] {taskinstance.py:2648} INFO - Exporting env vars: AIRFLOW_CTX_DAG_OWNER='***' AIRFLOW_CTX_DAG_ID='dbt_dag' AIRFLOW_CTX_TASK_ID='dbt_run_marts' AIRFLOW_CTX_EXECUTION_DATE='2025-10-02T00:00:00+00:00' AIRFLOW_CTX_TRY_NUMBER='1' AIRFLOW_CTX_DAG_RUN_ID='scheduled__2025-10-02T00:00:00+00:00'
[2025-10-03T16:17:02.293+0000] {taskinstance.py:430} INFO - ::endgroup::
[2025-10-03T16:17:02.295+0000] {subprocess.py:63} INFO - Tmp dir root location: /tmp
[2025-10-03T16:17:02.297+0000] {subprocess.py:75} INFO - Running command: ['/usr/bin/bash', '-c', 'cd /opt/***/dbt && dbt run --models marts --vars "execution_date: 2025-10-02"']
[2025-10-03T16:17:02.313+0000] {subprocess.py:86} INFO - Output:
[2025-10-03T16:17:07.462+0000] {subprocess.py:93} INFO - [0m16:17:07  Running with dbt=1.10.13
[2025-10-03T16:17:07.468+0000] {subprocess.py:93} INFO - [0m16:17:07  [[33mWARNING[0m]: Deprecated functionality
[2025-10-03T16:17:07.469+0000] {subprocess.py:93} INFO - Usage of `--models`, `--model`, and `-m` is deprecated in favor of `--select` or
[2025-10-03T16:17:07.470+0000] {subprocess.py:93} INFO - `-s`.
[2025-10-03T16:17:08.400+0000] {subprocess.py:93} INFO - [0m16:17:08  Registered adapter: postgres=1.9.1
[2025-10-03T16:17:10.310+0000] {subprocess.py:93} INFO - [0m16:17:10  Found 4 models, 2 data tests, 1 source, 447 macros
[2025-10-03T16:17:10.317+0000] {subprocess.py:93} INFO - [0m16:17:10
[2025-10-03T16:17:10.320+0000] {subprocess.py:93} INFO - [0m16:17:10  Concurrency: 1 threads (target='dev')
[2025-10-03T16:17:10.325+0000] {subprocess.py:93} INFO - [0m16:17:10
[2025-10-03T16:17:10.924+0000] {subprocess.py:93} INFO - [0m16:17:10  1 of 3 START sql table model public.mart_avg_duration_by_hour .................. [RUN]
[2025-10-03T16:17:12.061+0000] {subprocess.py:93} INFO - [0m16:17:12  1 of 3 OK created sql table model public.mart_avg_duration_by_hour ............. [[32mSELECT 19[0m in 1.13s]
[2025-10-03T16:17:12.069+0000] {subprocess.py:93} INFO - [0m16:17:12  2 of 3 START sql table model public.mart_avg_recommendation_20_30_by_hour ...... [RUN]
[2025-10-03T16:17:12.548+0000] {subprocess.py:93} INFO - [0m16:17:12  2 of 3 OK created sql table model public.mart_avg_recommendation_20_30_by_hour . [[32mSELECT 18[0m in 0.47s]
[2025-10-03T16:17:12.558+0000] {subprocess.py:93} INFO - [0m16:17:12  3 of 3 START sql table model public.mart_avg_recommendation_males_by_year_age .. [RUN]
[2025-10-03T16:17:13.105+0000] {subprocess.py:93} INFO - [0m16:17:13  3 of 3 OK created sql table model public.mart_avg_recommendation_males_by_year_age  [[32mSELECT 37[0m in 0.53s]
[2025-10-03T16:17:13.351+0000] {subprocess.py:93} INFO - [0m16:17:13
[2025-10-03T16:17:13.353+0000] {subprocess.py:93} INFO - [0m16:17:13  Finished running 3 table models in 0 hours 0 minutes and 3.02 seconds (3.02s).
[2025-10-03T16:17:13.457+0000] {subprocess.py:93} INFO - [0m16:17:13
[2025-10-03T16:17:13.460+0000] {subprocess.py:93} INFO - [0m16:17:13  [32mCompleted successfully[0m
[2025-10-03T16:17:13.462+0000] {subprocess.py:93} INFO - [0m16:17:13
[2025-10-03T16:17:13.464+0000] {subprocess.py:93} INFO - [0m16:17:13  Done. PASS=3 WARN=0 ERROR=0 SKIP=0 NO-OP=0 TOTAL=3
[2025-10-03T16:17:13.467+0000] {subprocess.py:93} INFO - [0m16:17:13  [[33mWARNING[0m][DeprecationsSummary]: Deprecated functionality
[2025-10-03T16:17:13.467+0000] {subprocess.py:93} INFO - Summary of encountered deprecations:
[2025-10-03T16:17:13.468+0000] {subprocess.py:93} INFO - - ModelParamUsageDeprecation: 1 occurrence
[2025-10-03T16:17:13.469+0000] {subprocess.py:93} INFO - To see all deprecation instances instead of just the first occurrence of each,
[2025-10-03T16:17:13.469+0000] {subprocess.py:93} INFO - run command again with the `--show-all-deprecations` flag. You may also need to
[2025-10-03T16:17:13.470+0000] {subprocess.py:93} INFO - run with `--no-partial-parse` as some deprecations are only encountered during
[2025-10-03T16:17:13.471+0000] {subprocess.py:93} INFO - parsing.
[2025-10-03T16:17:14.704+0000] {subprocess.py:97} INFO - Command exited with return code 0
[2025-10-03T16:17:14.706+0000] {taskinstance.py:441} INFO - ::group::Post task execution logs
[2025-10-03T16:17:14.758+0000] {taskinstance.py:1206} INFO - Marking task as SUCCESS. dag_id=dbt_dag, task_id=dbt_run_marts, run_id=scheduled__2025-10-02T00:00:00+00:00, execution_date=20251002T000000, start_date=20251003T161702, end_date=20251003T161714
[2025-10-03T16:17:14.802+0000] {local_task_job_runner.py:243} INFO - Task exited with return code 0
[2025-10-03T16:17:14.841+0000] {taskinstance.py:3503} INFO - 1 downstream tasks scheduled from follow-on schedule check
[2025-10-03T16:17:14.847+0000] {local_task_job_runner.py:222} INFO - ::endgroup::
