[2025-10-03T15:52:22.859+0000] {local_task_job_runner.py:120} INFO - ::group::Pre task execution logs
[2025-10-03T15:52:22.917+0000] {taskinstance.py:2076} INFO - Dependencies all met for dep_context=non-requeueable deps ti=<TaskInstance: dbt_dag.dbt_run_staging scheduled__2025-10-02T00:00:00+00:00 [queued]>
[2025-10-03T15:52:22.931+0000] {taskinstance.py:2076} INFO - Dependencies all met for dep_context=requeueable deps ti=<TaskInstance: dbt_dag.dbt_run_staging scheduled__2025-10-02T00:00:00+00:00 [queued]>
[2025-10-03T15:52:22.951+0000] {taskinstance.py:2306} INFO - Starting attempt 1 of 2
[2025-10-03T15:52:23.141+0000] {taskinstance.py:2330} INFO - Executing <Task(BashOperator): dbt_run_staging> on 2025-10-02 00:00:00+00:00
[2025-10-03T15:52:23.157+0000] {warnings.py:112} WARNING - /home/***/.local/lib/python3.12/site-packages/***/task/task_runner/standard_task_runner.py:62: DeprecationWarning: This process (pid=265) is multi-threaded, use of fork() may lead to deadlocks in the child.
  pid = os.fork()

[2025-10-03T15:52:23.161+0000] {standard_task_runner.py:64} INFO - Started process 267 to run task
[2025-10-03T15:52:23.161+0000] {standard_task_runner.py:90} INFO - Running: ['***', 'tasks', 'run', 'dbt_dag', 'dbt_run_staging', 'scheduled__2025-10-02T00:00:00+00:00', '--job-id', '58', '--raw', '--subdir', 'DAGS_FOLDER/dbt_dag.py', '--cfg-path', '/tmp/tmpvg4suql4']
[2025-10-03T15:52:23.197+0000] {standard_task_runner.py:91} INFO - Job 58: Subtask dbt_run_staging
[2025-10-03T15:52:23.495+0000] {task_command.py:426} INFO - Running <TaskInstance: dbt_dag.dbt_run_staging scheduled__2025-10-02T00:00:00+00:00 [running]> on host 88331542f089
[2025-10-03T15:52:24.427+0000] {taskinstance.py:2648} INFO - Exporting env vars: AIRFLOW_CTX_DAG_OWNER='***' AIRFLOW_CTX_DAG_ID='dbt_dag' AIRFLOW_CTX_TASK_ID='dbt_run_staging' AIRFLOW_CTX_EXECUTION_DATE='2025-10-02T00:00:00+00:00' AIRFLOW_CTX_TRY_NUMBER='1' AIRFLOW_CTX_DAG_RUN_ID='scheduled__2025-10-02T00:00:00+00:00'
[2025-10-03T15:52:24.431+0000] {taskinstance.py:430} INFO - ::endgroup::
[2025-10-03T15:52:24.433+0000] {subprocess.py:63} INFO - Tmp dir root location: /tmp
[2025-10-03T15:52:24.436+0000] {subprocess.py:75} INFO - Running command: ['/usr/bin/bash', '-c', 'cd /opt/***/dbt && DBT_PROFILES_DIR=/opt/***/dbt dbt run --models staging']
[2025-10-03T15:52:24.466+0000] {subprocess.py:86} INFO - Output:
[2025-10-03T15:52:29.487+0000] {subprocess.py:93} INFO - [0m15:52:29  Running with dbt=1.10.13
[2025-10-03T15:52:29.491+0000] {subprocess.py:93} INFO - [0m15:52:29  [[33mWARNING[0m]: Deprecated functionality
[2025-10-03T15:52:29.491+0000] {subprocess.py:93} INFO - Usage of `--models`, `--model`, and `-m` is deprecated in favor of `--select` or
[2025-10-03T15:52:29.492+0000] {subprocess.py:93} INFO - `-s`.
[2025-10-03T15:52:29.908+0000] {subprocess.py:93} INFO - [0m15:52:29  Registered adapter: postgres=1.9.1
[2025-10-03T15:52:30.272+0000] {subprocess.py:93} INFO - [0m15:52:30  Unable to do partial parsing because config vars, config profile, or config target have changed
[2025-10-03T15:52:33.163+0000] {subprocess.py:93} INFO - [0m15:52:33  Found 4 models, 2 data tests, 1 source, 447 macros
[2025-10-03T15:52:33.169+0000] {subprocess.py:93} INFO - [0m15:52:33
[2025-10-03T15:52:33.170+0000] {subprocess.py:93} INFO - [0m15:52:33  Concurrency: 1 threads (target='dev')
[2025-10-03T15:52:33.172+0000] {subprocess.py:93} INFO - [0m15:52:33
[2025-10-03T15:52:33.370+0000] {subprocess.py:93} INFO - [0m15:52:33  1 of 1 START sql view model public.stg_appointments ............................ [RUN]
[2025-10-03T15:52:33.515+0000] {subprocess.py:93} INFO - [0m15:52:33  1 of 1 ERROR creating sql view model public.stg_appointments ................... [[31mERROR[0m in 0.14s]
[2025-10-03T15:52:33.549+0000] {subprocess.py:93} INFO - [0m15:52:33
[2025-10-03T15:52:33.551+0000] {subprocess.py:93} INFO - [0m15:52:33  Finished running 1 view model in 0 hours 0 minutes and 0.38 seconds (0.38s).
[2025-10-03T15:52:33.790+0000] {subprocess.py:93} INFO - [0m15:52:33
[2025-10-03T15:52:33.792+0000] {subprocess.py:93} INFO - [0m15:52:33  [31mCompleted with 1 error, 0 partial successes, and 0 warnings:[0m
[2025-10-03T15:52:33.794+0000] {subprocess.py:93} INFO - [0m15:52:33
[2025-10-03T15:52:33.796+0000] {subprocess.py:93} INFO - [0m15:52:33  [31mFailure in model stg_appointments (models/staging/stg_appointments.sql)[0m
[2025-10-03T15:52:33.798+0000] {subprocess.py:93} INFO - [0m15:52:33    Database Error in model stg_appointments (models/staging/stg_appointments.sql)
[2025-10-03T15:52:33.798+0000] {subprocess.py:93} INFO -   relation "public.appointments_clean" does not exist
[2025-10-03T15:52:33.799+0000] {subprocess.py:93} INFO -   LINE 59: FROM "***"."public"."appointments_clean"
[2025-10-03T15:52:33.799+0000] {subprocess.py:93} INFO -                 ^
[2025-10-03T15:52:33.800+0000] {subprocess.py:93} INFO -   compiled code at target/run/knok_project/models/staging/stg_appointments.sql
[2025-10-03T15:52:33.801+0000] {subprocess.py:93} INFO - [0m15:52:33
[2025-10-03T15:52:33.801+0000] {subprocess.py:93} INFO - [0m15:52:33    compiled code at target/compiled/knok_project/models/staging/stg_appointments.sql
[2025-10-03T15:52:33.803+0000] {subprocess.py:93} INFO - [0m15:52:33
[2025-10-03T15:52:33.805+0000] {subprocess.py:93} INFO - [0m15:52:33  Done. PASS=0 WARN=0 ERROR=1 SKIP=0 NO-OP=0 TOTAL=1
[2025-10-03T15:52:33.807+0000] {subprocess.py:93} INFO - [0m15:52:33  [[33mWARNING[0m][DeprecationsSummary]: Deprecated functionality
[2025-10-03T15:52:33.808+0000] {subprocess.py:93} INFO - Summary of encountered deprecations:
[2025-10-03T15:52:33.808+0000] {subprocess.py:93} INFO - - ModelParamUsageDeprecation: 1 occurrence
[2025-10-03T15:52:33.809+0000] {subprocess.py:93} INFO - To see all deprecation instances instead of just the first occurrence of each,
[2025-10-03T15:52:33.810+0000] {subprocess.py:93} INFO - run command again with the `--show-all-deprecations` flag. You may also need to
[2025-10-03T15:52:33.811+0000] {subprocess.py:93} INFO - run with `--no-partial-parse` as some deprecations are only encountered during
[2025-10-03T15:52:33.812+0000] {subprocess.py:93} INFO - parsing.
[2025-10-03T15:52:34.888+0000] {subprocess.py:97} INFO - Command exited with return code 1
[2025-10-03T15:52:34.889+0000] {taskinstance.py:441} INFO - ::group::Post task execution logs
[2025-10-03T15:52:34.905+0000] {taskinstance.py:2905} ERROR - Task failed with exception
Traceback (most recent call last):
  File "/home/airflow/.local/lib/python3.12/site-packages/airflow/models/taskinstance.py", line 465, in _execute_task
    result = _execute_callable(context=context, **execute_callable_kwargs)
             ^^^^^^^^^^^^^^^^^^^^^^^^^^^^^^^^^^^^^^^^^^^^^^^^^^^^^^^^^^^^^
  File "/home/airflow/.local/lib/python3.12/site-packages/airflow/models/taskinstance.py", line 432, in _execute_callable
    return execute_callable(context=context, **execute_callable_kwargs)
           ^^^^^^^^^^^^^^^^^^^^^^^^^^^^^^^^^^^^^^^^^^^^^^^^^^^^^^^^^^^^
  File "/home/airflow/.local/lib/python3.12/site-packages/airflow/models/baseoperator.py", line 401, in wrapper
    return func(self, *args, **kwargs)
           ^^^^^^^^^^^^^^^^^^^^^^^^^^^
  File "/home/airflow/.local/lib/python3.12/site-packages/airflow/operators/bash.py", line 243, in execute
    raise AirflowException(
airflow.exceptions.AirflowException: Bash command failed. The command returned a non-zero exit code 1.
[2025-10-03T15:52:34.913+0000] {taskinstance.py:1206} INFO - Marking task as UP_FOR_RETRY. dag_id=dbt_dag, task_id=dbt_run_staging, run_id=scheduled__2025-10-02T00:00:00+00:00, execution_date=20251002T000000, start_date=20251003T155222, end_date=20251003T155234
[2025-10-03T15:52:35.131+0000] {standard_task_runner.py:110} ERROR - Failed to execute job 58 for task dbt_run_staging (Bash command failed. The command returned a non-zero exit code 1.; 267)
[2025-10-03T15:52:35.186+0000] {local_task_job_runner.py:243} INFO - Task exited with return code 1
[2025-10-03T15:52:35.223+0000] {taskinstance.py:3503} INFO - 0 downstream tasks scheduled from follow-on schedule check
[2025-10-03T15:52:35.426+0000] {local_task_job_runner.py:222} INFO - ::endgroup::
[2025-10-03T16:16:48.542+0000] {local_task_job_runner.py:120} INFO - ::group::Pre task execution logs
[2025-10-03T16:16:48.586+0000] {taskinstance.py:2076} INFO - Dependencies all met for dep_context=non-requeueable deps ti=<TaskInstance: dbt_dag.dbt_run_staging scheduled__2025-10-02T00:00:00+00:00 [queued]>
[2025-10-03T16:16:48.602+0000] {taskinstance.py:2076} INFO - Dependencies all met for dep_context=requeueable deps ti=<TaskInstance: dbt_dag.dbt_run_staging scheduled__2025-10-02T00:00:00+00:00 [queued]>
[2025-10-03T16:16:48.603+0000] {taskinstance.py:2306} INFO - Starting attempt 1 of 2
[2025-10-03T16:16:48.627+0000] {taskinstance.py:2330} INFO - Executing <Task(BashOperator): dbt_run_staging> on 2025-10-02 00:00:00+00:00
[2025-10-03T16:16:48.641+0000] {warnings.py:112} WARNING - /home/***/.local/lib/python3.12/site-packages/***/task/task_runner/standard_task_runner.py:62: DeprecationWarning: This process (pid=632) is multi-threaded, use of fork() may lead to deadlocks in the child.
  pid = os.fork()

[2025-10-03T16:16:48.645+0000] {standard_task_runner.py:64} INFO - Started process 634 to run task
[2025-10-03T16:16:48.646+0000] {standard_task_runner.py:90} INFO - Running: ['***', 'tasks', 'run', 'dbt_dag', 'dbt_run_staging', 'scheduled__2025-10-02T00:00:00+00:00', '--job-id', '63', '--raw', '--subdir', 'DAGS_FOLDER/test_ml_dag.py', '--cfg-path', '/tmp/tmppharj51l']
[2025-10-03T16:16:48.652+0000] {standard_task_runner.py:91} INFO - Job 63: Subtask dbt_run_staging
[2025-10-03T16:16:48.774+0000] {task_command.py:426} INFO - Running <TaskInstance: dbt_dag.dbt_run_staging scheduled__2025-10-02T00:00:00+00:00 [running]> on host 88331542f089
[2025-10-03T16:16:49.025+0000] {taskinstance.py:2648} INFO - Exporting env vars: AIRFLOW_CTX_DAG_OWNER='***' AIRFLOW_CTX_DAG_ID='dbt_dag' AIRFLOW_CTX_TASK_ID='dbt_run_staging' AIRFLOW_CTX_EXECUTION_DATE='2025-10-02T00:00:00+00:00' AIRFLOW_CTX_TRY_NUMBER='1' AIRFLOW_CTX_DAG_RUN_ID='scheduled__2025-10-02T00:00:00+00:00'
[2025-10-03T16:16:49.030+0000] {taskinstance.py:430} INFO - ::endgroup::
[2025-10-03T16:16:49.033+0000] {subprocess.py:63} INFO - Tmp dir root location: /tmp
[2025-10-03T16:16:49.036+0000] {subprocess.py:75} INFO - Running command: ['/usr/bin/bash', '-c', 'cd /opt/***/dbt && dbt run --models staging --vars "execution_date: 2025-10-02"']
[2025-10-03T16:16:49.090+0000] {subprocess.py:86} INFO - Output:
[2025-10-03T16:16:54.373+0000] {subprocess.py:93} INFO - [0m16:16:54  Running with dbt=1.10.13
[2025-10-03T16:16:54.378+0000] {subprocess.py:93} INFO - [0m16:16:54  [[33mWARNING[0m]: Deprecated functionality
[2025-10-03T16:16:54.379+0000] {subprocess.py:93} INFO - Usage of `--models`, `--model`, and `-m` is deprecated in favor of `--select` or
[2025-10-03T16:16:54.380+0000] {subprocess.py:93} INFO - `-s`.
[2025-10-03T16:16:54.987+0000] {subprocess.py:93} INFO - [0m16:16:54  Registered adapter: postgres=1.9.1
[2025-10-03T16:16:55.520+0000] {subprocess.py:93} INFO - [0m16:16:55  Unable to do partial parsing because config vars, config profile, or config target have changed
[2025-10-03T16:16:58.105+0000] {subprocess.py:93} INFO - [0m16:16:58  Found 4 models, 2 data tests, 1 source, 447 macros
[2025-10-03T16:16:58.109+0000] {subprocess.py:93} INFO - [0m16:16:58
[2025-10-03T16:16:58.111+0000] {subprocess.py:93} INFO - [0m16:16:58  Concurrency: 1 threads (target='dev')
[2025-10-03T16:16:58.113+0000] {subprocess.py:93} INFO - [0m16:16:58
[2025-10-03T16:16:58.628+0000] {subprocess.py:93} INFO - [0m16:16:58  1 of 1 START sql view model public.stg_appointments ............................ [RUN]
[2025-10-03T16:16:58.958+0000] {subprocess.py:93} INFO - [0m16:16:58  1 of 1 OK created sql view model public.stg_appointments ....................... [[32mCREATE VIEW[0m in 0.32s]
[2025-10-03T16:16:59.072+0000] {subprocess.py:93} INFO - [0m16:16:59
[2025-10-03T16:16:59.074+0000] {subprocess.py:93} INFO - [0m16:16:59  Finished running 1 view model in 0 hours 0 minutes and 0.96 seconds (0.96s).
[2025-10-03T16:16:59.162+0000] {subprocess.py:93} INFO - [0m16:16:59
[2025-10-03T16:16:59.164+0000] {subprocess.py:93} INFO - [0m16:16:59  [32mCompleted successfully[0m
[2025-10-03T16:16:59.166+0000] {subprocess.py:93} INFO - [0m16:16:59
[2025-10-03T16:16:59.168+0000] {subprocess.py:93} INFO - [0m16:16:59  Done. PASS=1 WARN=0 ERROR=0 SKIP=0 NO-OP=0 TOTAL=1
[2025-10-03T16:16:59.170+0000] {subprocess.py:93} INFO - [0m16:16:59  [[33mWARNING[0m][DeprecationsSummary]: Deprecated functionality
[2025-10-03T16:16:59.171+0000] {subprocess.py:93} INFO - Summary of encountered deprecations:
[2025-10-03T16:16:59.171+0000] {subprocess.py:93} INFO - - ModelParamUsageDeprecation: 1 occurrence
[2025-10-03T16:16:59.172+0000] {subprocess.py:93} INFO - To see all deprecation instances instead of just the first occurrence of each,
[2025-10-03T16:16:59.172+0000] {subprocess.py:93} INFO - run command again with the `--show-all-deprecations` flag. You may also need to
[2025-10-03T16:16:59.173+0000] {subprocess.py:93} INFO - run with `--no-partial-parse` as some deprecations are only encountered during
[2025-10-03T16:16:59.173+0000] {subprocess.py:93} INFO - parsing.
[2025-10-03T16:17:00.077+0000] {subprocess.py:97} INFO - Command exited with return code 0
[2025-10-03T16:17:00.078+0000] {taskinstance.py:441} INFO - ::group::Post task execution logs
[2025-10-03T16:17:00.108+0000] {taskinstance.py:1206} INFO - Marking task as SUCCESS. dag_id=dbt_dag, task_id=dbt_run_staging, run_id=scheduled__2025-10-02T00:00:00+00:00, execution_date=20251002T000000, start_date=20251003T161648, end_date=20251003T161700
[2025-10-03T16:17:00.164+0000] {local_task_job_runner.py:243} INFO - Task exited with return code 0
[2025-10-03T16:17:00.190+0000] {taskinstance.py:3503} INFO - 1 downstream tasks scheduled from follow-on schedule check
[2025-10-03T16:17:00.194+0000] {local_task_job_runner.py:222} INFO - ::endgroup::
