[0m18:52:39.947534 [debug] [MainThread]: Sending event: {'category': 'dbt', 'action': 'invocation', 'label': 'start', 'context': [<snowplow_tracker.self_describing_json.SelfDescribingJson object at 0x0000021A82D31A80>, <snowplow_tracker.self_describing_json.SelfDescribingJson object at 0x0000021A83DE43D0>, <snowplow_tracker.self_describing_json.SelfDescribingJson object at 0x0000021A83DE41C0>]}


============================== 18:52:39.947534 | 591716c7-cf32-434d-b347-b70a251e4025 ==============================
[0m18:52:39.947534 [info ] [MainThread]: Running with dbt=1.10.11
[0m18:52:39.947534 [debug] [MainThread]: running dbt with arguments {'partial_parse': 'True', 'write_json': 'True', 'send_anonymous_usage_stats': 'True', 'use_colors': 'True', 'cache_selected_only': 'False', 'target_path': 'None', 'version_check': 'True', 'invocation_command': 'dbt init knok_project', 'log_format': 'default', 'warn_error': 'None', 'introspect': 'True', 'debug': 'False', 'printer_width': '80', 'fail_fast': 'False', 'no_print': 'None', 'use_experimental_parser': 'False', 'quiet': 'False', 'empty': 'None', 'log_cache_events': 'False', 'indirect_selection': 'eager', 'log_path': 'logs', 'profiles_dir': 'C:\\Users\\Mariana Saavedra\\.dbt', 'warn_error_options': 'WarnErrorOptionsV2(error=[], warn=[], silence=[])', 'static_parser': 'True'}
[0m18:52:40.049623 [info ] [MainThread]: Creating dbt configuration folder at C:\Users\Mariana Saavedra\.dbt
[0m18:52:40.049623 [debug] [MainThread]: Starter project path: C:\Users\Mariana Saavedra\Desktop\Case_Study_Mariana\venv\lib\site-packages\dbt\include\starter_project
[0m18:52:40.095991 [info ] [MainThread]: 
Your new dbt project "knok_project" was created!

For more information on how to configure the profiles.yml file,
please consult the dbt documentation here:

  https://docs.getdbt.com/docs/configure-your-profile

One more thing:

Need help? Don't hesitate to reach out to us via GitHub issues or on Slack:

  https://community.getdbt.com/

Happy modeling!

[0m18:52:40.095991 [info ] [MainThread]: Setting up your profile.
[0m18:54:58.719078 [info ] [MainThread]: Profile knok_project written to C:\Users\Mariana Saavedra\.dbt\profiles.yml using target's profile_template.yml and your supplied values. Run 'dbt debug' to validate the connection.
[0m18:54:58.722667 [debug] [MainThread]: Command `dbt init` succeeded at 18:54:58.721651 after 138.90 seconds
[0m18:54:58.722667 [debug] [MainThread]: Sending event: {'category': 'dbt', 'action': 'invocation', 'label': 'end', 'context': [<snowplow_tracker.self_describing_json.SelfDescribingJson object at 0x0000021A82D31A80>, <snowplow_tracker.self_describing_json.SelfDescribingJson object at 0x0000021A83DD4D30>, <snowplow_tracker.self_describing_json.SelfDescribingJson object at 0x0000021A83EEE7A0>]}
[0m18:54:58.722667 [debug] [MainThread]: Flushing usage events
[0m18:54:59.237562 [debug] [MainThread]: An error was encountered while trying to flush usage events
[0m18:58:13.094415 [debug] [MainThread]: Sending event: {'category': 'dbt', 'action': 'invocation', 'label': 'start', 'context': [<snowplow_tracker.self_describing_json.SelfDescribingJson object at 0x000001DC900556F0>, <snowplow_tracker.self_describing_json.SelfDescribingJson object at 0x000001DC910F8310>, <snowplow_tracker.self_describing_json.SelfDescribingJson object at 0x000001DC910F8160>]}


============================== 18:58:13.094415 | 9dac1f3e-9b3e-4c1d-addf-40431a8b472e ==============================
[0m18:58:13.094415 [info ] [MainThread]: Running with dbt=1.10.11
[0m18:58:13.094415 [debug] [MainThread]: running dbt with arguments {'partial_parse': 'True', 'write_json': 'True', 'send_anonymous_usage_stats': 'True', 'version_check': 'True', 'cache_selected_only': 'False', 'target_path': 'None', 'use_colors': 'True', 'invocation_command': 'dbt debug', 'log_format': 'default', 'warn_error': 'None', 'introspect': 'True', 'debug': 'False', 'log_cache_events': 'False', 'fail_fast': 'False', 'no_print': 'None', 'use_experimental_parser': 'False', 'quiet': 'False', 'printer_width': '80', 'empty': 'None', 'log_path': 'logs', 'indirect_selection': 'eager', 'profiles_dir': 'C:\\Users\\Mariana Saavedra\\.dbt', 'warn_error_options': 'WarnErrorOptionsV2(error=[], warn=[], silence=[])', 'static_parser': 'True'}
[0m18:58:13.130275 [info ] [MainThread]: dbt version: 1.10.11
[0m18:58:13.130275 [info ] [MainThread]: python version: 3.10.0
[0m18:58:13.131449 [info ] [MainThread]: python path: C:\Users\Mariana Saavedra\Desktop\Case_Study_Mariana\venv\Scripts\python.exe
[0m18:58:13.132615 [info ] [MainThread]: os info: Windows-10-10.0.26100-SP0
[0m18:58:13.203484 [info ] [MainThread]: Using profiles dir at C:\Users\Mariana Saavedra\.dbt
[0m18:58:13.203484 [info ] [MainThread]: Using profiles.yml file at C:\Users\Mariana Saavedra\.dbt\profiles.yml
[0m18:58:13.204520 [info ] [MainThread]: Using dbt_project.yml file at C:\Users\Mariana Saavedra\Desktop\Case_Study_Mariana\dbt_project.yml
[0m18:58:13.205434 [info ] [MainThread]: adapter type: postgres
[0m18:58:13.206468 [info ] [MainThread]: adapter version: 1.9.1
[0m18:58:13.207548 [info ] [MainThread]: Configuration:
[0m18:58:13.207548 [info ] [MainThread]:   profiles.yml file [[32mOK found and valid[0m]
[0m18:58:13.208556 [info ] [MainThread]:   dbt_project.yml file [[31mERROR not found[0m]
[0m18:58:13.208556 [info ] [MainThread]: Required dependencies:
[0m18:58:13.209634 [debug] [MainThread]: Executing "git --help"
[0m18:58:13.273227 [debug] [MainThread]: STDOUT: "b"usage: git [-v | --version] [-h | --help] [-C <path>] [-c <name>=<value>]\n           [--exec-path[=<path>]] [--html-path] [--man-path] [--info-path]\n           [-p | --paginate | -P | --no-pager] [--no-replace-objects] [--no-lazy-fetch]\n           [--no-optional-locks] [--no-advice] [--bare] [--git-dir=<path>]\n           [--work-tree=<path>] [--namespace=<name>] [--config-env=<name>=<envvar>]\n           <command> [<args>]\n\nThese are common Git commands used in various situations:\n\nstart a working area (see also: git help tutorial)\n   clone      Clone a repository into a new directory\n   init       Create an empty Git repository or reinitialize an existing one\n\nwork on the current change (see also: git help everyday)\n   add        Add file contents to the index\n   mv         Move or rename a file, a directory, or a symlink\n   restore    Restore working tree files\n   rm         Remove files from the working tree and from the index\n\nexamine the history and state (see also: git help revisions)\n   bisect     Use binary search to find the commit that introduced a bug\n   diff       Show changes between commits, commit and working tree, etc\n   grep       Print lines matching a pattern\n   log        Show commit logs\n   show       Show various types of objects\n   status     Show the working tree status\n\ngrow, mark and tweak your common history\n   backfill   Download missing objects in a partial clone\n   branch     List, create, or delete branches\n   commit     Record changes to the repository\n   merge      Join two or more development histories together\n   rebase     Reapply commits on top of another base tip\n   reset      Reset current HEAD to the specified state\n   switch     Switch branches\n   tag        Create, list, delete or verify a tag object signed with GPG\n\ncollaborate (see also: git help workflows)\n   fetch      Download objects and refs from another repository\n   pull       Fetch from and integrate with another repository or a local branch\n   push       Update remote refs along with associated objects\n\n'git help -a' and 'git help -g' list available subcommands and some\nconcept guides. See 'git help <command>' or 'git help <concept>'\nto read about a specific subcommand or concept.\nSee 'git help git' for an overview of the system.\n""
[0m18:58:13.274405 [debug] [MainThread]: STDERR: "b''"
[0m18:58:13.274405 [info ] [MainThread]:  - git [[32mOK found[0m]

[0m18:58:13.275438 [info ] [MainThread]: Connection:
[0m18:58:13.276224 [info ] [MainThread]:   host: localhost
[0m18:58:13.276224 [info ] [MainThread]:   port: 5432
[0m18:58:13.277337 [info ] [MainThread]:   user: postgres
[0m18:58:13.277337 [info ] [MainThread]:   database: knok
[0m18:58:13.278462 [info ] [MainThread]:   schema: public
[0m18:58:13.279519 [info ] [MainThread]:   connect_timeout: 10
[0m18:58:13.279519 [info ] [MainThread]:   role: None
[0m18:58:13.280575 [info ] [MainThread]:   search_path: None
[0m18:58:13.281627 [info ] [MainThread]:   keepalives_idle: 0
[0m18:58:13.281627 [info ] [MainThread]:   sslmode: None
[0m18:58:13.282635 [info ] [MainThread]:   sslcert: None
[0m18:58:13.282635 [info ] [MainThread]:   sslkey: None
[0m18:58:13.283703 [info ] [MainThread]:   sslrootcert: None
[0m18:58:13.284728 [info ] [MainThread]:   application_name: dbt
[0m18:58:13.284728 [info ] [MainThread]:   retries: 1
[0m18:58:13.285739 [info ] [MainThread]: Registered adapter: postgres=1.9.1
[0m18:58:13.700300 [debug] [MainThread]: Acquiring new postgres connection 'debug'
[0m18:58:13.868579 [debug] [MainThread]: Using postgres connection "debug"
[0m18:58:13.868579 [debug] [MainThread]: On debug: select 1 as id
[0m18:58:13.868579 [debug] [MainThread]: Opening a new connection, currently in state init
[0m18:58:14.006661 [debug] [MainThread]: SQL status: SELECT 1 in 0.135 seconds
[0m18:58:14.006661 [debug] [MainThread]: On debug: Close
[0m18:58:14.006661 [info ] [MainThread]:   Connection test: [[32mOK connection ok[0m]

[0m18:58:14.006661 [info ] [MainThread]: [31m1 check failed:[0m
[0m18:58:14.006661 [info ] [MainThread]: Project loading failed for the following reason:
 project path <C:\Users\Mariana Saavedra\Desktop\Case_Study_Mariana\dbt_project.yml> not found

[0m18:58:14.006661 [debug] [MainThread]: Command `dbt debug` failed at 18:58:14.006661 after 1.04 seconds
[0m18:58:14.006661 [debug] [MainThread]: Connection 'debug' was properly closed.
[0m18:58:14.006661 [debug] [MainThread]: Sending event: {'category': 'dbt', 'action': 'invocation', 'label': 'end', 'context': [<snowplow_tracker.self_describing_json.SelfDescribingJson object at 0x000001DC900556F0>, <snowplow_tracker.self_describing_json.SelfDescribingJson object at 0x000001DC91238BE0>, <snowplow_tracker.self_describing_json.SelfDescribingJson object at 0x000001DC9123BBB0>]}
[0m18:58:14.006661 [debug] [MainThread]: Flushing usage events
[0m18:58:14.450416 [debug] [MainThread]: An error was encountered while trying to flush usage events
