[2025-10-03T15:57:12.143+0000] {local_task_job_runner.py:120} INFO - ::group::Pre task execution logs
[2025-10-03T15:57:12.170+0000] {taskinstance.py:2076} INFO - Dependencies all met for dep_context=non-requeueable deps ti=<TaskInstance: dbt_dag.dbt_run_staging manual__2025-10-03T15:51:28.625359+00:00 [queued]>
[2025-10-03T15:57:12.178+0000] {taskinstance.py:2076} INFO - Dependencies all met for dep_context=requeueable deps ti=<TaskInstance: dbt_dag.dbt_run_staging manual__2025-10-03T15:51:28.625359+00:00 [queued]>
[2025-10-03T15:57:12.179+0000] {taskinstance.py:2306} INFO - Starting attempt 2 of 2
[2025-10-03T15:57:12.193+0000] {taskinstance.py:2330} INFO - Executing <Task(BashOperator): dbt_run_staging> on 2025-10-03 15:51:28.625359+00:00
[2025-10-03T15:57:12.204+0000] {warnings.py:112} WARNING - /home/***/.local/lib/python3.12/site-packages/***/task/task_runner/standard_task_runner.py:62: DeprecationWarning: This process (pid=341) is multi-threaded, use of fork() may lead to deadlocks in the child.
  pid = os.fork()

[2025-10-03T15:57:12.206+0000] {standard_task_runner.py:64} INFO - Started process 343 to run task
[2025-10-03T15:57:12.206+0000] {standard_task_runner.py:90} INFO - Running: ['***', 'tasks', 'run', 'dbt_dag', 'dbt_run_staging', 'manual__2025-10-03T15:51:28.625359+00:00', '--job-id', '59', '--raw', '--subdir', 'DAGS_FOLDER/test_ml_dag.py', '--cfg-path', '/tmp/tmpf3wadiwr']
[2025-10-03T15:57:12.210+0000] {standard_task_runner.py:91} INFO - Job 59: Subtask dbt_run_staging
[2025-10-03T15:57:12.265+0000] {task_command.py:426} INFO - Running <TaskInstance: dbt_dag.dbt_run_staging manual__2025-10-03T15:51:28.625359+00:00 [running]> on host 88331542f089
[2025-10-03T15:57:12.349+0000] {taskinstance.py:2648} INFO - Exporting env vars: AIRFLOW_CTX_DAG_OWNER='***' AIRFLOW_CTX_DAG_ID='dbt_dag' AIRFLOW_CTX_TASK_ID='dbt_run_staging' AIRFLOW_CTX_EXECUTION_DATE='2025-10-03T15:51:28.625359+00:00' AIRFLOW_CTX_TRY_NUMBER='2' AIRFLOW_CTX_DAG_RUN_ID='manual__2025-10-03T15:51:28.625359+00:00'
[2025-10-03T15:57:12.352+0000] {taskinstance.py:430} INFO - ::endgroup::
[2025-10-03T15:57:12.353+0000] {subprocess.py:63} INFO - Tmp dir root location: /tmp
[2025-10-03T15:57:12.354+0000] {subprocess.py:75} INFO - Running command: ['/usr/bin/bash', '-c', 'cd /opt/***/dbt && dbt run --models staging --vars "execution_date: 2025-10-03"']
[2025-10-03T15:57:12.368+0000] {subprocess.py:86} INFO - Output:
[2025-10-03T15:57:14.849+0000] {subprocess.py:93} INFO - [0m15:57:14  Running with dbt=1.10.13
[2025-10-03T15:57:14.852+0000] {subprocess.py:93} INFO - [0m15:57:14  [[33mWARNING[0m]: Deprecated functionality
[2025-10-03T15:57:14.852+0000] {subprocess.py:93} INFO - Usage of `--models`, `--model`, and `-m` is deprecated in favor of `--select` or
[2025-10-03T15:57:14.853+0000] {subprocess.py:93} INFO - `-s`.
[2025-10-03T15:57:15.235+0000] {subprocess.py:93} INFO - [0m15:57:15  Registered adapter: postgres=1.9.1
[2025-10-03T15:57:15.500+0000] {subprocess.py:93} INFO - [0m15:57:15  Unable to do partial parsing because config vars, config profile, or config target have changed
[2025-10-03T15:57:17.633+0000] {subprocess.py:93} INFO - [0m15:57:17  Found 4 models, 2 data tests, 1 source, 447 macros
[2025-10-03T15:57:17.638+0000] {subprocess.py:93} INFO - [0m15:57:17
[2025-10-03T15:57:17.639+0000] {subprocess.py:93} INFO - [0m15:57:17  Concurrency: 1 threads (target='dev')
[2025-10-03T15:57:17.641+0000] {subprocess.py:93} INFO - [0m15:57:17
[2025-10-03T15:57:17.827+0000] {subprocess.py:93} INFO - [0m15:57:17  1 of 1 START sql view model public.stg_appointments ............................ [RUN]
[2025-10-03T15:57:17.961+0000] {subprocess.py:93} INFO - [0m15:57:17  1 of 1 ERROR creating sql view model public.stg_appointments ................... [[31mERROR[0m in 0.13s]
[2025-10-03T15:57:17.990+0000] {subprocess.py:93} INFO - [0m15:57:17
[2025-10-03T15:57:17.991+0000] {subprocess.py:93} INFO - [0m15:57:17  Finished running 1 view model in 0 hours 0 minutes and 0.35 seconds (0.35s).
[2025-10-03T15:57:18.058+0000] {subprocess.py:93} INFO - [0m15:57:18
[2025-10-03T15:57:18.059+0000] {subprocess.py:93} INFO - [0m15:57:18  [31mCompleted with 1 error, 0 partial successes, and 0 warnings:[0m
[2025-10-03T15:57:18.061+0000] {subprocess.py:93} INFO - [0m15:57:18
[2025-10-03T15:57:18.062+0000] {subprocess.py:93} INFO - [0m15:57:18  [31mFailure in model stg_appointments (models/staging/stg_appointments.sql)[0m
[2025-10-03T15:57:18.064+0000] {subprocess.py:93} INFO - [0m15:57:18    Database Error in model stg_appointments (models/staging/stg_appointments.sql)
[2025-10-03T15:57:18.064+0000] {subprocess.py:93} INFO -   relation "public.appointments_clean" does not exist
[2025-10-03T15:57:18.065+0000] {subprocess.py:93} INFO -   LINE 59: FROM "***"."public"."appointments_clean"
[2025-10-03T15:57:18.065+0000] {subprocess.py:93} INFO -                 ^
[2025-10-03T15:57:18.066+0000] {subprocess.py:93} INFO -   compiled code at target/run/knok_project/models/staging/stg_appointments.sql
[2025-10-03T15:57:18.066+0000] {subprocess.py:93} INFO - [0m15:57:18
[2025-10-03T15:57:18.067+0000] {subprocess.py:93} INFO - [0m15:57:18    compiled code at target/compiled/knok_project/models/staging/stg_appointments.sql
[2025-10-03T15:57:18.068+0000] {subprocess.py:93} INFO - [0m15:57:18
[2025-10-03T15:57:18.069+0000] {subprocess.py:93} INFO - [0m15:57:18  Done. PASS=0 WARN=0 ERROR=1 SKIP=0 NO-OP=0 TOTAL=1
[2025-10-03T15:57:18.071+0000] {subprocess.py:93} INFO - [0m15:57:18  [[33mWARNING[0m][DeprecationsSummary]: Deprecated functionality
[2025-10-03T15:57:18.071+0000] {subprocess.py:93} INFO - Summary of encountered deprecations:
[2025-10-03T15:57:18.072+0000] {subprocess.py:93} INFO - - ModelParamUsageDeprecation: 1 occurrence
[2025-10-03T15:57:18.072+0000] {subprocess.py:93} INFO - To see all deprecation instances instead of just the first occurrence of each,
[2025-10-03T15:57:18.073+0000] {subprocess.py:93} INFO - run command again with the `--show-all-deprecations` flag. You may also need to
[2025-10-03T15:57:18.073+0000] {subprocess.py:93} INFO - run with `--no-partial-parse` as some deprecations are only encountered during
[2025-10-03T15:57:18.074+0000] {subprocess.py:93} INFO - parsing.
[2025-10-03T15:57:18.937+0000] {subprocess.py:97} INFO - Command exited with return code 1
[2025-10-03T15:57:18.943+0000] {taskinstance.py:441} INFO - ::group::Post task execution logs
[2025-10-03T15:57:18.955+0000] {taskinstance.py:2905} ERROR - Task failed with exception
Traceback (most recent call last):
  File "/home/airflow/.local/lib/python3.12/site-packages/airflow/models/taskinstance.py", line 465, in _execute_task
    result = _execute_callable(context=context, **execute_callable_kwargs)
             ^^^^^^^^^^^^^^^^^^^^^^^^^^^^^^^^^^^^^^^^^^^^^^^^^^^^^^^^^^^^^
  File "/home/airflow/.local/lib/python3.12/site-packages/airflow/models/taskinstance.py", line 432, in _execute_callable
    return execute_callable(context=context, **execute_callable_kwargs)
           ^^^^^^^^^^^^^^^^^^^^^^^^^^^^^^^^^^^^^^^^^^^^^^^^^^^^^^^^^^^^
  File "/home/airflow/.local/lib/python3.12/site-packages/airflow/models/baseoperator.py", line 401, in wrapper
    return func(self, *args, **kwargs)
           ^^^^^^^^^^^^^^^^^^^^^^^^^^^
  File "/home/airflow/.local/lib/python3.12/site-packages/airflow/operators/bash.py", line 243, in execute
    raise AirflowException(
airflow.exceptions.AirflowException: Bash command failed. The command returned a non-zero exit code 1.
[2025-10-03T15:57:18.960+0000] {taskinstance.py:1206} INFO - Marking task as FAILED. dag_id=dbt_dag, task_id=dbt_run_staging, run_id=manual__2025-10-03T15:51:28.625359+00:00, execution_date=20251003T155128, start_date=20251003T155712, end_date=20251003T155718
[2025-10-03T15:57:18.989+0000] {standard_task_runner.py:110} ERROR - Failed to execute job 59 for task dbt_run_staging (Bash command failed. The command returned a non-zero exit code 1.; 343)
[2025-10-03T15:57:19.027+0000] {local_task_job_runner.py:243} INFO - Task exited with return code 1
[2025-10-03T15:57:19.068+0000] {taskinstance.py:3503} INFO - 0 downstream tasks scheduled from follow-on schedule check
[2025-10-03T15:57:19.072+0000] {local_task_job_runner.py:222} INFO - ::endgroup::
